2008.04.21 10:33 B \andalucia.jpg --> s6536.gridserver.com /domains/andreslopezjosenge.com/html/clientes/snr/agrega/prod/snr_pb_agrega_01_a/img_swf/logo/lg andalucia.jpg
2008.04.21 10:33 B \aragon.jpg --> s6536.gridserver.com /domains/andreslopezjosenge.com/html/clientes/snr/agrega/prod/snr_pb_agrega_01_a/img_swf/logo/lg aragon.jpg
2008.04.21 10:33 B \asturias.jpg --> s6536.gridserver.com /domains/andreslopezjosenge.com/html/clientes/snr/agrega/prod/snr_pb_agrega_01_a/img_swf/logo/lg asturias.jpg
2008.04.21 10:33 B \baleares.jpg --> s6536.gridserver.com /domains/andreslopezjosenge.com/html/clientes/snr/agrega/prod/snr_pb_agrega_01_a/img_swf/logo/lg baleares.jpg
2008.04.21 10:33 B \canarias.jpg --> s6536.gridserver.com /domains/andreslopezjosenge.com/html/clientes/snr/agrega/prod/snr_pb_agrega_01_a/img_swf/logo/lg canarias.jpg
2008.04.21 10:33 B \cantabria.jpg --> s6536.gridserver.com /domains/andreslopezjosenge.com/html/clientes/snr/agrega/prod/snr_pb_agrega_01_a/img_swf/logo/lg cantabria.jpg
2008.04.21 10:33 B \castilla_leon.jpg --> s6536.gridserver.com /domains/andreslopezjosenge.com/html/clientes/snr/agrega/prod/snr_pb_agrega_01_a/img_swf/logo/lg castilla_leon.jpg
2008.04.21 10:33 B \catalunya.jpg --> s6536.gridserver.com /domains/andreslopezjosenge.com/html/clientes/snr/agrega/prod/snr_pb_agrega_01_a/img_swf/logo/lg catalunya.jpg
2008.04.21 10:33 B \castilla_la_mancha.jpg --> s6536.gridserver.com /domains/andreslopezjosenge.com/html/clientes/snr/agrega/prod/snr_pb_agrega_01_a/img_swf/logo/lg castilla_la_mancha.jpg
2008.04.21 10:33 B \ceuta.jpg --> s6536.gridserver.com /domains/andreslopezjosenge.com/html/clientes/snr/agrega/prod/snr_pb_agrega_01_a/img_swf/logo/lg ceuta.jpg
2008.04.21 10:33 B \euskadi.jpg --> s6536.gridserver.com /domains/andreslopezjosenge.com/html/clientes/snr/agrega/prod/snr_pb_agrega_01_a/img_swf/logo/lg euskadi.jpg
2008.04.21 10:33 B \extremadura.jpg --> s6536.gridserver.com /domains/andreslopezjosenge.com/html/clientes/snr/agrega/prod/snr_pb_agrega_01_a/img_swf/logo/lg extremadura.jpg
2008.04.21 10:33 B \galicia.jpg --> s6536.gridserver.com /domains/andreslopezjosenge.com/html/clientes/snr/agrega/prod/snr_pb_agrega_01_a/img_swf/logo/lg galicia.jpg
2008.04.21 10:33 B \madrid.jpg --> s6536.gridserver.com /domains/andreslopezjosenge.com/html/clientes/snr/agrega/prod/snr_pb_agrega_01_a/img_swf/logo/lg madrid.jpg
2008.04.21 10:33 B \melilla.jpg --> s6536.gridserver.com /domains/andreslopezjosenge.com/html/clientes/snr/agrega/prod/snr_pb_agrega_01_a/img_swf/logo/lg melilla.jpg
2008.04.21 10:33 B \murcia.jpg --> s6536.gridserver.com /domains/andreslopezjosenge.com/html/clientes/snr/agrega/prod/snr_pb_agrega_01_a/img_swf/logo/lg murcia.jpg
2008.04.21 10:33 B \navarra.jpg --> s6536.gridserver.com /domains/andreslopezjosenge.com/html/clientes/snr/agrega/prod/snr_pb_agrega_01_a/img_swf/logo/lg navarra.jpg
2008.04.21 10:33 B \rioja.jpg --> s6536.gridserver.com /domains/andreslopezjosenge.com/html/clientes/snr/agrega/prod/snr_pb_agrega_01_a/img_swf/logo/lg rioja.jpg
2008.04.21 10:33 B \valencia.jpg --> s6536.gridserver.com /domains/andreslopezjosenge.com/html/clientes/snr/agrega/prod/snr_pb_agrega_01_a/img_swf/logo/lg valencia.jpg
2008.04.21 10:33 B \WS_FTP.LOG --> s6536.gridserver.com /domains/andreslopezjosenge.com/html/clientes/snr/agrega/prod/snr_pb_agrega_01_a/img_swf/logo/lg WS_FTP.LOG
2008.06.02 11:08 B C:\Despacho\Proyectos\RED\microsite\080523_snr_agrega_prod_xhtml_01\snr_pb_agrega_01_a\img_swf\logo\lg\catalunya.jpg --> s6536.gridserver.com /domains/andreslopezjosenge.com/html/clientes/snr/agrega/prod/snr_pb_agrega_01_a/img_swf/logo/lg catalunya.jpg
2008.11.17 17:57 B C:\Despacho\Proyectos\RED\microsite\080807_snr_agrega_prod_xhtml_01\snr_pb_agrega_01_a\img_swf\logo\lg\valencia.jpg --> s6536.gridserver.com /domains/andreslopezjosenge.com/html/clientes/snr/agrega_2008/prod/img_swf/logo/lg valencia.jpg
2008.11.17 17:57 B C:\Despacho\Proyectos\RED\microsite\080807_snr_agrega_prod_xhtml_01\snr_pb_agrega_01_a\img_swf\logo\lg\rioja.jpg --> s6536.gridserver.com /domains/andreslopezjosenge.com/html/clientes/snr/agrega_2008/prod/img_swf/logo/lg rioja.jpg
2008.11.17 17:57 B C:\Despacho\Proyectos\RED\microsite\080807_snr_agrega_prod_xhtml_01\snr_pb_agrega_01_a\img_swf\logo\lg\navarra.jpg --> s6536.gridserver.com /domains/andreslopezjosenge.com/html/clientes/snr/agrega_2008/prod/img_swf/logo/lg navarra.jpg
2008.11.17 17:57 B C:\Despacho\Proyectos\RED\microsite\080807_snr_agrega_prod_xhtml_01\snr_pb_agrega_01_a\img_swf\logo\lg\murcia.jpg --> s6536.gridserver.com /domains/andreslopezjosenge.com/html/clientes/snr/agrega_2008/prod/img_swf/logo/lg murcia.jpg
2008.11.17 17:57 B C:\Despacho\Proyectos\RED\microsite\080807_snr_agrega_prod_xhtml_01\snr_pb_agrega_01_a\img_swf\logo\lg\melilla.jpg --> s6536.gridserver.com /domains/andreslopezjosenge.com/html/clientes/snr/agrega_2008/prod/img_swf/logo/lg melilla.jpg
2008.11.17 17:57 B C:\Despacho\Proyectos\RED\microsite\080807_snr_agrega_prod_xhtml_01\snr_pb_agrega_01_a\img_swf\logo\lg\madrid.jpg --> s6536.gridserver.com /domains/andreslopezjosenge.com/html/clientes/snr/agrega_2008/prod/img_swf/logo/lg madrid.jpg
2008.11.17 17:57 B C:\Despacho\Proyectos\RED\microsite\080807_snr_agrega_prod_xhtml_01\snr_pb_agrega_01_a\img_swf\logo\lg\galicia.jpg --> s6536.gridserver.com /domains/andreslopezjosenge.com/html/clientes/snr/agrega_2008/prod/img_swf/logo/lg galicia.jpg
2008.11.17 17:57 B C:\Despacho\Proyectos\RED\microsite\080807_snr_agrega_prod_xhtml_01\snr_pb_agrega_01_a\img_swf\logo\lg\extremadura.jpg --> s6536.gridserver.com /domains/andreslopezjosenge.com/html/clientes/snr/agrega_2008/prod/img_swf/logo/lg extremadura.jpg
2008.11.17 17:57 B C:\Despacho\Proyectos\RED\microsite\080807_snr_agrega_prod_xhtml_01\snr_pb_agrega_01_a\img_swf\logo\lg\euskadi.jpg --> s6536.gridserver.com /domains/andreslopezjosenge.com/html/clientes/snr/agrega_2008/prod/img_swf/logo/lg euskadi.jpg
2008.11.17 17:57 B C:\Despacho\Proyectos\RED\microsite\080807_snr_agrega_prod_xhtml_01\snr_pb_agrega_01_a\img_swf\logo\lg\ceuta.jpg --> s6536.gridserver.com /domains/andreslopezjosenge.com/html/clientes/snr/agrega_2008/prod/img_swf/logo/lg ceuta.jpg
2008.11.17 17:57 B C:\Despacho\Proyectos\RED\microsite\080807_snr_agrega_prod_xhtml_01\snr_pb_agrega_01_a\img_swf\logo\lg\catalunya.jpg --> s6536.gridserver.com /domains/andreslopezjosenge.com/html/clientes/snr/agrega_2008/prod/img_swf/logo/lg catalunya.jpg
2008.11.17 17:57 B C:\Despacho\Proyectos\RED\microsite\080807_snr_agrega_prod_xhtml_01\snr_pb_agrega_01_a\img_swf\logo\lg\castilla_leon.jpg --> s6536.gridserver.com /domains/andreslopezjosenge.com/html/clientes/snr/agrega_2008/prod/img_swf/logo/lg castilla_leon.jpg
2008.11.17 17:57 B C:\Despacho\Proyectos\RED\microsite\080807_snr_agrega_prod_xhtml_01\snr_pb_agrega_01_a\img_swf\logo\lg\castilla_la_mancha.jpg --> s6536.gridserver.com /domains/andreslopezjosenge.com/html/clientes/snr/agrega_2008/prod/img_swf/logo/lg castilla_la_mancha.jpg
2008.11.17 17:57 B C:\Despacho\Proyectos\RED\microsite\080807_snr_agrega_prod_xhtml_01\snr_pb_agrega_01_a\img_swf\logo\lg\cantabria.jpg --> s6536.gridserver.com /domains/andreslopezjosenge.com/html/clientes/snr/agrega_2008/prod/img_swf/logo/lg cantabria.jpg
2008.11.17 17:57 B C:\Despacho\Proyectos\RED\microsite\080807_snr_agrega_prod_xhtml_01\snr_pb_agrega_01_a\img_swf\logo\lg\canarias.jpg --> s6536.gridserver.com /domains/andreslopezjosenge.com/html/clientes/snr/agrega_2008/prod/img_swf/logo/lg canarias.jpg
2008.11.17 17:57 B C:\Despacho\Proyectos\RED\microsite\080807_snr_agrega_prod_xhtml_01\snr_pb_agrega_01_a\img_swf\logo\lg\baleares.jpg --> s6536.gridserver.com /domains/andreslopezjosenge.com/html/clientes/snr/agrega_2008/prod/img_swf/logo/lg baleares.jpg
2008.11.17 17:57 B C:\Despacho\Proyectos\RED\microsite\080807_snr_agrega_prod_xhtml_01\snr_pb_agrega_01_a\img_swf\logo\lg\asturias.jpg --> s6536.gridserver.com /domains/andreslopezjosenge.com/html/clientes/snr/agrega_2008/prod/img_swf/logo/lg asturias.jpg
2008.11.17 17:57 B C:\Despacho\Proyectos\RED\microsite\080807_snr_agrega_prod_xhtml_01\snr_pb_agrega_01_a\img_swf\logo\lg\aragon.jpg --> s6536.gridserver.com /domains/andreslopezjosenge.com/html/clientes/snr/agrega_2008/prod/img_swf/logo/lg aragon.jpg
2008.11.17 17:57 B C:\Despacho\Proyectos\RED\microsite\080807_snr_agrega_prod_xhtml_01\snr_pb_agrega_01_a\img_swf\logo\lg\andalucia.jpg --> s6536.gridserver.com /domains/andreslopezjosenge.com/html/clientes/snr/agrega_2008/prod/img_swf/logo/lg andalucia.jpg
