17-mar-2010 17:19:31 org.apache.catalina.core.AprLifecycleListener lifecycleEvent
INFO: The Apache Tomcat Native library which allows optimal performance in production environments was not found on the java.library.path: C:\Archivos de programa\Java\jdk1.6.0_16\bin;.;C:\WINDOWS\Sun\Java\bin;C:\WINDOWS\system32;C:\WINDOWS;C:\Archivos de programa\PC Connectivity Solution\;C:\Archivos de programa\CollabNet\Subversion Server;C:\WINDOWS\system32;C:\WINDOWS;C:\WINDOWS\System32\Wbem;C:\WINDOWS\system32\WindowsPowerShell\v1.0;C:\Archivos de programa\Java\jdk1.6.0_16\bin;C:\Archivos de programa\TortoiseSVN\bin;C:\Maven102\bin;C:\Archivos de programa\jEdit;C:\Archivos de programa\CollabNet\Subversion Client;C:\Archivos de programa\MySQL\MySQL Server 5.0\bin;C:\Archivos de programa\Borland\CaliberRM SDK 2005 R2\lib;C:\apache-ant-1.7.1\bin;C:\apache-maven-2.2.1\bin;C:\Archivos de programa\QuickTime\QTSystem\
17-mar-2010 17:19:32 org.apache.coyote.http11.Http11BaseProtocol init
INFO: Inicializando Coyote HTTP/1.1 en puerto http-8080
17-mar-2010 17:19:32 org.apache.catalina.startup.Catalina load
INFO: Initialization processed in 2110 ms
17-mar-2010 17:19:32 org.apache.catalina.core.StandardService start
INFO: Arrancando servicio Catalina
17-mar-2010 17:19:32 org.apache.catalina.core.StandardEngine start
INFO: Starting Servlet Engine: Apache Tomcat/5.5.28
17-mar-2010 17:19:32 org.apache.catalina.core.StandardHost start
INFO: Desactivada la validación XML
17-mar-2010 17:19:35 org.apache.coyote.http11.Http11BaseProtocol start
INFO: Arrancando Coyote HTTP/1.1 en puerto http-8080
17-mar-2010 17:19:35 org.apache.jk.common.ChannelSocket init
INFO: JK: ajp13 listening on /0.0.0.0:8009
17-mar-2010 17:19:35 org.apache.jk.server.JkMain start
INFO: Jk running ID=0 time=0/47  config=null
17-mar-2010 17:19:36 org.apache.catalina.storeconfig.StoreLoader load
INFO: Find registry server-registry.xml at classpath resource
17-mar-2010 17:19:36 org.apache.catalina.startup.Catalina start
INFO: Server startup in 4203 ms
17-mar-2010 17:20:01 org.apache.coyote.http11.Http11BaseProtocol pause
INFO: Pausing Coyote HTTP/1.1 on http-8080
17-mar-2010 17:20:03 org.apache.catalina.core.StandardService stop
INFO: Parando servicio Catalina
17-mar-2010 17:20:03 org.apache.coyote.http11.Http11BaseProtocol destroy
INFO: Stopping Coyote HTTP/1.1 on http-8080
17-mar-2010 17:20:03 org.apache.catalina.core.AprLifecycleListener lifecycleEvent
INFO: Failed shutdown of Apache Portable Runtime
